  WinMain.cpp
d:\vs2015 project\technologies demo\physically based shading\lightstructs.h(45): warning C4244: =: преобразование "float" в "uint8_t", возможна потеря данных
d:\vs2015 project\technologies demo\physically based shading\lightstructs.h(46): warning C4244: =: преобразование "float" в "uint8_t", возможна потеря данных
d:\vs2015 project\technologies demo\physically based shading\lightstructs.h(47): warning C4244: =: преобразование "float" в "uint8_t", возможна потеря данных
d:\vs2015 project\technologies demo\physically based shading\lightstructs.h(48): warning C4244: =: преобразование "float" в "uint8_t", возможна потеря данных
  Window.cpp
d:\vs2015 project\technologies demo\physically based shading\lightstructs.h(45): warning C4244: =: преобразование "float" в "uint8_t", возможна потеря данных
d:\vs2015 project\technologies demo\physically based shading\lightstructs.h(46): warning C4244: =: преобразование "float" в "uint8_t", возможна потеря данных
d:\vs2015 project\technologies demo\physically based shading\lightstructs.h(47): warning C4244: =: преобразование "float" в "uint8_t", возможна потеря данных
d:\vs2015 project\technologies demo\physically based shading\lightstructs.h(48): warning C4244: =: преобразование "float" в "uint8_t", возможна потеря данных
d:\vs2015 project\technologies demo\physically based shading\window.cpp(247): warning C4244: инициализация: преобразование "long double" в "float", возможна потеря данных
d:\vs2015 project\technologies demo\physically based shading\window.cpp(296): warning C4244: аргумент: преобразование "LONG" в "float", возможна потеря данных
d:\vs2015 project\technologies demo\physically based shading\window.cpp(297): warning C4244: аргумент: преобразование "LONG" в "float", возможна потеря данных
  WeatherParam.cpp
d:\vs2015 project\technologies demo\physically based shading\weatherparam.cpp(27): warning C4244: инициализация: преобразование "double" в "int32_t", возможна потеря данных
d:\vs2015 project\technologies demo\physically based shading\weatherparam.cpp(52): warning C4244: =: преобразование "double" в "float", возможна потеря данных
d:\vs2015 project\technologies demo\physically based shading\weatherparam.cpp(65): warning C4244: инициализация: преобразование "double" в "float", возможна потеря данных
d:\vs2015 project\technologies demo\physically based shading\weatherparam.cpp(76): warning C4244: =: преобразование "double" в "uint32_t", возможна потеря данных
d:\vs2015 project\technologies demo\physically based shading\weatherparam.cpp(99): warning C4244: аргумент: преобразование "double" в "float", возможна потеря данных
d:\vs2015 project\technologies demo\physically based shading\weatherparam.cpp(110): warning C4244: =: преобразование "double" в "uint32_t", возможна потеря данных
d:\vs2015 project\technologies demo\physically based shading\weatherparam.cpp(126): warning C4244: инициализация: преобразование "double" в "float", возможна потеря данных
d:\vs2015 project\technologies demo\physically based shading\weatherparam.cpp(163): warning C4244: =: преобразование "double" в "float", возможна потеря данных
d:\vs2015 project\technologies demo\physically based shading\weatherparam.cpp(171): warning C4800: int: принудительно задано логическое значение "true" или "false" (предупреждение о производительности)
d:\vs2015 project\technologies demo\physically based shading\weatherparam.cpp(188): warning C4244: инициализация: преобразование "double" в "float", возможна потеря данных
  TestDraw.cpp
d:\vs2015 project\technologies demo\physically based shading\testdraw.cpp(58): warning C4305: -=: усечение из "double" к "float"
d:\vs2015 project\technologies demo\physically based shading\testdraw.cpp(59): warning C4305: +=: усечение из "double" к "float"
d:\vs2015 project\technologies demo\physically based shading\testdraw.cpp(60): warning C4305: -=: усечение из "double" к "float"
d:\vs2015 project\technologies demo\physically based shading\testdraw.cpp(61): warning C4305: +=: усечение из "double" к "float"
  SpotLightShadowMap.cpp
d:\vs2015 project\technologies demo\physically based shading\spotlightshadowmap.cpp(68): warning C4267: =: преобразование из "size_t" в "uint32_t"; возможна потеря данных
d:\vs2015 project\technologies demo\physically based shading\spotlightshadowmap.cpp(125): warning C4267: return: преобразование из "size_t" в "uint32_t"; возможна потеря данных
d:\vs2015 project\technologies demo\physically based shading\spotlightshadowmap.cpp(140): warning C4267: аргумент: преобразование из "size_t" в "GLsizei"; возможна потеря данных
  SpotLightManager.cpp
d:\vs2015 project\technologies demo\physically based shading\lightstructs.h(45): warning C4244: =: преобразование "float" в "uint8_t", возможна потеря данных
d:\vs2015 project\technologies demo\physically based shading\lightstructs.h(46): warning C4244: =: преобразование "float" в "uint8_t", возможна потеря данных
d:\vs2015 project\technologies demo\physically based shading\lightstructs.h(47): warning C4244: =: преобразование "float" в "uint8_t", возможна потеря данных
d:\vs2015 project\technologies demo\physically based shading\lightstructs.h(48): warning C4244: =: преобразование "float" в "uint8_t", возможна потеря данных
d:\vs2015 project\technologies demo\physically based shading\spotlightmanager.cpp(202): warning C4267: return: преобразование из "size_t" в "int32_t"; возможна потеря данных
  Shader_VNTT.cpp
  Shader_VNT.cpp
  Shader_Resource_Compiler.cpp
d:\vs2015 project\technologies demo\physically based shading\shader_resource_compiler.cpp(101): warning C4838: преобразование из "uint32_t" в "GLint" требует сужающего преобразования
  ShaderUpdateSky.cpp
d:\vs2015 project\technologies demo\physically based shading\shaderupdatesky.cpp(76): warning C4305: =: усечение из "double" к "float"
d:\vs2015 project\technologies demo\physically based shading\shaderupdatesky.cpp(79): warning C4305: =: усечение из "double" к "float"
d:\vs2015 project\technologies demo\physically based shading\shaderupdatesky.cpp(82): warning C4305: =: усечение из "double" к "float"
d:\vs2015 project\technologies demo\physically based shading\shaderupdatesky.cpp(88): warning C4305: =: усечение из "double" к "float"
d:\vs2015 project\technologies demo\physically based shading\shaderupdatesky.cpp(107): warning C4305: =: усечение из "double" к "float"
d:\vs2015 project\technologies demo\physically based shading\shaderupdatesky.cpp(110): warning C4305: =: усечение из "double" к "float"
d:\vs2015 project\technologies demo\physically based shading\shaderupdatesky.cpp(114): warning C4305: =: усечение из "double" к "float"
d:\vs2015 project\technologies demo\physically based shading\shaderupdatesky.cpp(117): warning C4305: =: усечение из "double" к "float"
  ShaderTestDraw.cpp
  ShaderSpotLightShadow.cpp
  ShaderSkyPlaneUpdate.cpp
  ShaderSkyPlane.cpp
  ShaderSkyDome.cpp
d:\vs2015 project\technologies demo\physically based shading\shaderskydome.cpp(86): warning C4305: =: усечение из "double" к "float"
d:\vs2015 project\technologies demo\physically based shading\shaderskydome.cpp(89): warning C4305: =: усечение из "double" к "float"
d:\vs2015 project\technologies demo\physically based shading\shaderskydome.cpp(92): warning C4305: =: усечение из "double" к "float"
d:\vs2015 project\technologies demo\physically based shading\shaderskydome.cpp(98): warning C4305: =: усечение из "double" к "float"
d:\vs2015 project\technologies demo\physically based shading\shaderskydome.cpp(117): warning C4305: =: усечение из "double" к "float"
d:\vs2015 project\technologies demo\physically based shading\shaderskydome.cpp(120): warning C4305: =: усечение из "double" к "float"
d:\vs2015 project\technologies demo\physically based shading\shaderskydome.cpp(124): warning C4305: =: усечение из "double" к "float"
d:\vs2015 project\technologies demo\physically based shading\shaderskydome.cpp(127): warning C4305: =: усечение из "double" к "float"
  ShaderPointLightShadow.cpp
  ShaderParticleUpdate.cpp
  ShaderParticleDraw.cpp
  ShaderMoon.cpp
  ShaderGrass.cpp
  Создание кода...
  Компиляция...
  ShaderDeferredVNTT.cpp
  ShaderDeferredVNT.cpp
  ShaderComputeTileShading.cpp
  ShaderBase.cpp
  RenderResources.cpp
d:\vs2015 project\technologies demo\physically based shading\renderresources.cpp(34): warning C4244: аргумент: преобразование "uint32_t" в "GLfloat", возможна потеря данных
  d:\vs2015 project\technologies demo\physically based shading\renderresources.cpp(20): note: при компиляции функции-члена "<Нет данных>" класса <Нет данных>
  d:\vs2015 project\technologies demo\physically based shading\renderresources.cpp(3): note: см. ссылку на создание экземпляров класса шаблон при компиляции "RenderResource::RenderResources<2,1>"
d:\vs2015 project\technologies demo\physically based shading\renderresources.cpp(47): warning C4244: аргумент: преобразование "uint32_t" в "GLfloat", возможна потеря данных
  PointLightShadowMap.cpp
d:\vs2015 project\technologies demo\physically based shading\pointlightshadowmap.cpp(104): warning C4267: =: преобразование из "size_t" в "uint32_t"; возможна потеря данных
d:\vs2015 project\technologies demo\physically based shading\pointlightshadowmap.cpp(167): warning C4267: return: преобразование из "size_t" в "uint32_t"; возможна потеря данных
d:\vs2015 project\technologies demo\physically based shading\pointlightshadowmap.cpp(182): warning C4267: аргумент: преобразование из "size_t" в "GLsizei"; возможна потеря данных
  PointLightManager.cpp
d:\vs2015 project\technologies demo\physically based shading\lightstructs.h(45): warning C4244: =: преобразование "float" в "uint8_t", возможна потеря данных
d:\vs2015 project\technologies demo\physically based shading\lightstructs.h(46): warning C4244: =: преобразование "float" в "uint8_t", возможна потеря данных
d:\vs2015 project\technologies demo\physically based shading\lightstructs.h(47): warning C4244: =: преобразование "float" в "uint8_t", возможна потеря данных
d:\vs2015 project\technologies demo\physically based shading\lightstructs.h(48): warning C4244: =: преобразование "float" в "uint8_t", возможна потеря данных
d:\vs2015 project\technologies demo\physically based shading\pointlightmanager.cpp(41): warning C4267: инициализация: преобразование из "size_t" в "uint32_t"; возможна потеря данных
d:\vs2015 project\technologies demo\physically based shading\pointlightmanager.cpp(71): warning C4267: инициализация: преобразование из "size_t" в "uint32_t"; возможна потеря данных
d:\vs2015 project\technologies demo\physically based shading\pointlightmanager.cpp(94): warning C4267: return: преобразование из "size_t" в "int32_t"; возможна потеря данных
  PartilceUpdate.cpp
d:\vs2015 project\technologies demo\physically based shading\partilceupdate.cpp(36): warning C4018: <: несоответствие типов со знаком и без знака
d:\vs2015 project\technologies demo\physically based shading\partilceupdate.cpp(119): warning C4312: приведение типов: преобразование из "uint32_t" в "const void *" большего размера
d:\vs2015 project\technologies demo\physically based shading\partilceupdate.cpp(120): warning C4312: приведение типов: преобразование из "uint32_t" в "const void *" большего размера
d:\vs2015 project\technologies demo\physically based shading\partilceupdate.cpp(121): warning C4312: приведение типов: преобразование из "uint32_t" в "const void *" большего размера
d:\vs2015 project\technologies demo\physically based shading\partilceupdate.cpp(190): warning C4244: аргумент: преобразование "float" в "GLsizei", возможна потеря данных
  MTimer.cpp
  MeshObject.cpp
  MCamera.cpp
  MapResource.cpp
d:\vs2015 project\technologies demo\physically based shading\mapresource.cpp(100): warning C4267: инициализация: преобразование из "size_t" в "unsigned long"; возможна потеря данных
  LoadTexture.cpp
d:\vs2015 project\technologies demo\physically based shading\loadtexture.cpp(60): warning C4800: BOOL: принудительно задано логическое значение "true" или "false" (предупреждение о производительности)
d:\vs2015 project\technologies demo\physically based shading\loadtexture.cpp(104): warning C4244: аргумент: преобразование "double" в "GLint", возможна потеря данных
d:\vs2015 project\technologies demo\physically based shading\loadtexture.cpp(68): warning C4101: hr: неиспользованная локальная переменная
d:\vs2015 project\technologies demo\physically based shading\loadtexture.cpp(167): warning C4267: аргумент: преобразование из "size_t" в "GLsizei"; возможна потеря данных
d:\vs2015 project\technologies demo\physically based shading\loadtexture.cpp(180): warning C4267: аргумент: преобразование из "size_t" в "GLsizei"; возможна потеря данных
d:\vs2015 project\technologies demo\physically based shading\loadtexture.cpp(188): warning C4244: аргумент: преобразование "double" в "GLint", возможна потеря данных
d:\vs2015 project\technologies demo\physically based shading\loadtexture.cpp(214): warning C4267: инициализация: преобразование из "size_t" в "uint32_t"; возможна потеря данных
d:\vs2015 project\technologies demo\physically based shading\loadtexture.cpp(215): warning C4267: инициализация: преобразование из "size_t" в "uint32_t"; возможна потеря данных
d:\vs2015 project\technologies demo\physically based shading\loadtexture.cpp(217): warning C4267: аргумент: преобразование из "size_t" в "GLsizei"; возможна потеря данных
d:\vs2015 project\technologies demo\physically based shading\loadtexture.cpp(224): warning C4244: аргумент: преобразование "double" в "GLint", возможна потеря данных
d:\vs2015 project\technologies demo\physically based shading\loadtexture.cpp(240): warning C4267: аргумент: преобразование из "size_t" в "GLsizei"; возможна потеря данных
d:\vs2015 project\technologies demo\physically based shading\loadtexture.cpp(122): warning C4996: 'mbstowcs': This function or variable may be unsafe. Consider using mbstowcs_s instead. To disable deprecation, use _CRT_SECURE_NO_WARNINGS. See online help for details.
  c:\program files (x86)\windows kits\10\include\10.0.10240.0\ucrt\stdlib.h(920): note:  см. объявление "mbstowcs"
d:\vs2015 project\technologies demo\physically based shading\loadtexture.cpp(315): warning C4267: =: преобразование из "size_t" в "GLuint"; возможна потеря данных
d:\vs2015 project\technologies demo\physically based shading\loadtexture.cpp(316): warning C4267: =: преобразование из "size_t" в "GLuint"; возможна потеря данных
d:\vs2015 project\technologies demo\physically based shading\loadtexture.cpp(341): warning C4244: аргумент: преобразование "double" в "GLint", возможна потеря данных
d:\vs2015 project\technologies demo\physically based shading\loadtexture.cpp(278): warning C4996: 'mbstowcs': This function or variable may be unsafe. Consider using mbstowcs_s instead. To disable deprecation, use _CRT_SECURE_NO_WARNINGS. See online help for details.
  c:\program files (x86)\windows kits\10\include\10.0.10240.0\ucrt\stdlib.h(920): note:  см. объявление "mbstowcs"
  LoadModel.cpp
d:\vs2015 project\technologies demo\physically based shading\loadmodel.cpp(75): warning C4018: <: несоответствие типов со знаком и без знака
d:\vs2015 project\technologies demo\physically based shading\loadmodel.cpp(227): warning C4267: аргумент: преобразование из "size_t" в "uint32_t"; возможна потеря данных
d:\vs2015 project\technologies demo\physically based shading\loadmodel.cpp(265): warning C4267: аргумент: преобразование из "size_t" в "uint32_t"; возможна потеря данных
d:\vs2015 project\technologies demo\physically based shading\loadmodel.cpp(386): warning C4267: инициализация: преобразование из "size_t" в "uint32_t"; возможна потеря данных
d:\vs2015 project\technologies demo\physically based shading\loadmodel.cpp(387): warning C4267: инициализация: преобразование из "size_t" в "uint32_t"; возможна потеря данных
d:\vs2015 project\technologies demo\physically based shading\loadmodel.cpp(413): warning C4267: инициализация: преобразование из "size_t" в "uint32_t"; возможна потеря данных
d:\vs2015 project\technologies demo\physically based shading\loadmodel.cpp(414): warning C4267: инициализация: преобразование из "size_t" в "uint32_t"; возможна потеря данных
d:\vs2015 project\technologies demo\physically based shading\loadmodel.cpp(469): warning C4267: аргумент: преобразование из "size_t" в "uint32_t"; возможна потеря данных
d:\vs2015 project\technologies demo\physically based shading\loadmodel.cpp(532): warning C4018: <: несоответствие типов со знаком и без знака
d:\vs2015 project\technologies demo\physically based shading\loadmodel.cpp(603): warning C4267: аргумент: преобразование из "size_t" в "uint32_t"; возможна потеря данных
d:\vs2015 project\technologies demo\physically based shading\loadmodel.cpp(601): warning C4101: c7: неиспользованная локальная переменная
d:\vs2015 project\technologies demo\physically based shading\loadmodel.cpp(601): warning C4101: c6: неиспользованная локальная переменная
d:\vs2015 project\technologies demo\physically based shading\loadmodel.cpp(657): warning C4018: <: несоответствие типов со знаком и без знака
  LightManager.cpp
d:\vs2015 project\technologies demo\physically based shading\lightstructs.h(45): warning C4244: =: преобразование "float" в "uint8_t", возможна потеря данных
d:\vs2015 project\technologies demo\physically based shading\lightstructs.h(46): warning C4244: =: преобразование "float" в "uint8_t", возможна потеря данных
d:\vs2015 project\technologies demo\physically based shading\lightstructs.h(47): warning C4244: =: преобразование "float" в "uint8_t", возможна потеря данных
d:\vs2015 project\technologies demo\physically based shading\lightstructs.h(48): warning C4244: =: преобразование "float" в "uint8_t", возможна потеря данных
  LightInit.cpp
d:\vs2015 project\technologies demo\physically based shading\lightstructs.h(45): warning C4244: =: преобразование "float" в "uint8_t", возможна потеря данных
d:\vs2015 project\technologies demo\physically based shading\lightstructs.h(46): warning C4244: =: преобразование "float" в "uint8_t", возможна потеря данных
d:\vs2015 project\technologies demo\physically based shading\lightstructs.h(47): warning C4244: =: преобразование "float" в "uint8_t", возможна потеря данных
d:\vs2015 project\technologies demo\physically based shading\lightstructs.h(48): warning C4244: =: преобразование "float" в "uint8_t", возможна потеря данных
  LightCompute.cpp
d:\vs2015 project\technologies demo\physically based shading\lightstructs.h(45): warning C4244: =: преобразование "float" в "uint8_t", возможна потеря данных
d:\vs2015 project\technologies demo\physically based shading\lightstructs.h(46): warning C4244: =: преобразование "float" в "uint8_t", возможна потеря данных
d:\vs2015 project\technologies demo\physically based shading\lightstructs.h(47): warning C4244: =: преобразование "float" в "uint8_t", возможна потеря данных
d:\vs2015 project\technologies demo\physically based shading\lightstructs.h(48): warning C4244: =: преобразование "float" в "uint8_t", возможна потеря данных
  ForwardDraw.cpp
  Engine.cpp
d:\vs2015 project\technologies demo\physically based shading\lightstructs.h(45): warning C4244: =: преобразование "float" в "uint8_t", возможна потеря данных
d:\vs2015 project\technologies demo\physically based shading\lightstructs.h(46): warning C4244: =: преобразование "float" в "uint8_t", возможна потеря данных
d:\vs2015 project\technologies demo\physically based shading\lightstructs.h(47): warning C4244: =: преобразование "float" в "uint8_t", возможна потеря данных
d:\vs2015 project\technologies demo\physically based shading\lightstructs.h(48): warning C4244: =: преобразование "float" в "uint8_t", возможна потеря данных
d:\vs2015 project\technologies demo\physically based shading\engine.cpp(5): warning C4244: аргумент: преобразование "time_t" в "unsigned int", возможна потеря данных
  DrawVNTT.cpp
d:\vs2015 project\technologies demo\physically based shading\drawvntt.cpp(34): warning C4312: приведение типов: преобразование из "uint32_t" в "const void *" большего размера
d:\vs2015 project\technologies demo\physically based shading\drawvntt.cpp(35): warning C4312: приведение типов: преобразование из "uint32_t" в "const void *" большего размера
d:\vs2015 project\technologies demo\physically based shading\drawvntt.cpp(36): warning C4312: приведение типов: преобразование из "uint32_t" в "const void *" большего размера
  Создание кода...
  Компиляция...
  DrawVNT.cpp
  DrawSkyQuad.cpp
  DrawSkyDome.cpp
d:\vs2015 project\technologies demo\physically based shading\drawskydome.cpp(43): warning C4018: <: несоответствие типов со знаком и без знака
d:\vs2015 project\technologies demo\physically based shading\drawskydome.cpp(47): warning C4018: <: несоответствие типов со знаком и без знака
d:\vs2015 project\technologies demo\physically based shading\drawskydome.cpp(63): warning C4018: <: несоответствие типов со знаком и без знака
d:\vs2015 project\technologies demo\physically based shading\drawskydome.cpp(67): warning C4018: <: несоответствие типов со знаком и без знака
d:\vs2015 project\technologies demo\physically based shading\drawskydome.cpp(85): warning C4018: <: несоответствие типов со знаком и без знака
d:\vs2015 project\technologies demo\physically based shading\drawskydome.cpp(87): warning C4018: <: несоответствие типов со знаком и без знака
d:\vs2015 project\technologies demo\physically based shading\drawskydome.cpp(99): warning C4018: <: несоответствие типов со знаком и без знака
d:\vs2015 project\technologies demo\physically based shading\drawskydome.cpp(101): warning C4018: <: несоответствие типов со знаком и без знака
  DrawSky.cpp
  DrawParticles.cpp
d:\vs2015 project\technologies demo\physically based shading\drawparticles.cpp(44): warning C4312: приведение типов: преобразование из "uint32_t" в "const void *" большего размера
d:\vs2015 project\technologies demo\physically based shading\drawparticles.cpp(45): warning C4312: приведение типов: преобразование из "uint32_t" в "const void *" большего размера
d:\vs2015 project\technologies demo\physically based shading\drawparticles.cpp(46): warning C4312: приведение типов: преобразование из "uint32_t" в "const void *" большего размера
d:\vs2015 project\technologies demo\physically based shading\drawparticles.cpp(114): warning C4244: аргумент: преобразование "float" в "GLsizei", возможна потеря данных
  DrawGrass.cpp
d:\vs2015 project\technologies demo\physically based shading\drawgrass.cpp(19): warning C4244: аргумент: преобразование "double" в "const float", возможна потеря данных
  DrawGBuffer.cpp
  DrawCloud.cpp
d:\vs2015 project\technologies demo\physically based shading\drawcloud.cpp(45): warning C4554: >>: проверьте порядок применения операторов на наличие ошибки; для четкого задания порядка используйте скобки
d:\vs2015 project\technologies demo\physically based shading\drawcloud.cpp(69): warning C4018: <: несоответствие типов со знаком и без знака
d:\vs2015 project\technologies demo\physically based shading\drawcloud.cpp(71): warning C4018: <: несоответствие типов со знаком и без знака
d:\vs2015 project\technologies demo\physically based shading\drawcloud.cpp(102): warning C4244: =: преобразование "double" в "float", возможна потеря данных
d:\vs2015 project\technologies demo\physically based shading\drawcloud.cpp(103): warning C4244: =: преобразование "double" в "float", возможна потеря данных
d:\vs2015 project\technologies demo\physically based shading\drawcloud.cpp(110): warning C4018: <: несоответствие типов со знаком и без знака
d:\vs2015 project\technologies demo\physically based shading\drawcloud.cpp(112): warning C4018: <: несоответствие типов со знаком и без знака
d:\vs2015 project\technologies demo\physically based shading\drawcloud.cpp(277): warning C4244: return: преобразование "double" в "uint8_t", возможна потеря данных
  DeferredDrawVNTT.cpp
d:\vs2015 project\technologies demo\physically based shading\deferreddrawvntt.cpp(39): warning C4312: приведение типов: преобразование из "const uint32_t" в "const void *" большего размера
d:\vs2015 project\technologies demo\physically based shading\deferreddrawvntt.cpp(40): warning C4312: приведение типов: преобразование из "const uint32_t" в "const void *" большего размера
d:\vs2015 project\technologies demo\physically based shading\deferreddrawvntt.cpp(41): warning C4312: приведение типов: преобразование из "const uint32_t" в "const void *" большего размера
  DeferredDrawVNT.cpp
  AtmosphereParameter.cpp
  Создание кода...
LINK : warning LNK4098: библиотека по умолчанию "LIBCMT" противоречит использованию других библиотек; используйте параметр /NODEFAULTLIB:library
glew32s.lib(glew.obj) : warning LNK4099: "vc120.pdb" PDB не найден с "glew32s.lib(glew.obj)" или на "D:\VS2015 Project\Technologies Demo\x64\Debug\vc120.pdb"; компоновка объекта выполняется как при отсутствии отладочных данных
  Physically Based Shading.vcxproj -> D:\VS2015 Project\Technologies Demo\x64\Debug\Physically Based Shading.exe
  Physically Based Shading.vcxproj -> D:\VS2015 Project\Technologies Demo\x64\Debug\Physically Based Shading.pdb (Full PDB)
