d:\vs2015 project\technologies demo\technologies demo\x64\release\vc140.pdb
d:\vs2015 project\technologies demo\technologies demo\x64\release\fullscreenquad.obj
d:\vs2015 project\technologies demo\technologies demo\x64\release\forwarddraw.obj
d:\vs2015 project\technologies demo\technologies demo\x64\release\finalframebuffer.obj
d:\vs2015 project\technologies demo\technologies demo\x64\release\engine.obj
d:\vs2015 project\technologies demo\technologies demo\x64\release\drawvntt.obj
d:\vs2015 project\technologies demo\technologies demo\x64\release\drawvnt.obj
d:\vs2015 project\technologies demo\technologies demo\x64\release\drawssr.obj
d:\vs2015 project\technologies demo\technologies demo\x64\release\drawskyquad.obj
d:\vs2015 project\technologies demo\technologies demo\x64\release\drawskydome.obj
d:\vs2015 project\technologies demo\technologies demo\x64\release\drawsky.obj
d:\vs2015 project\technologies demo\technologies demo\x64\release\drawparticles.obj
d:\vs2015 project\technologies demo\technologies demo\x64\release\drawgrass.obj
d:\vs2015 project\technologies demo\technologies demo\x64\release\drawgbuffer.obj
d:\vs2015 project\technologies demo\technologies demo\x64\release\drawdecale.obj
d:\vs2015 project\technologies demo\technologies demo\x64\release\drawcloud.obj
d:\vs2015 project\technologies demo\technologies demo\x64\release\deferreddrawvntt.obj
d:\vs2015 project\technologies demo\technologies demo\x64\release\deferreddrawvnt.obj
d:\vs2015 project\technologies demo\technologies demo\x64\release\decalemanager.obj
d:\vs2015 project\technologies demo\technologies demo\x64\release\decaleinstance.obj
d:\vs2015 project\technologies demo\technologies demo\x64\release\atmosphereparameter.obj
d:\vs2015 project\technologies demo\technologies demo\x64\release\shaderdeferredvntt.obj
d:\vs2015 project\technologies demo\technologies demo\x64\release\shaderdeferredvnt.obj
d:\vs2015 project\technologies demo\technologies demo\x64\release\shaderdecale.obj
d:\vs2015 project\technologies demo\technologies demo\x64\release\shadercomputetileshading.obj
d:\vs2015 project\technologies demo\technologies demo\x64\release\shaderbase.obj
d:\vs2015 project\technologies demo\technologies demo\x64\release\renderresources.obj
d:\vs2015 project\technologies demo\technologies demo\x64\release\pointlightshadowmap.obj
d:\vs2015 project\technologies demo\technologies demo\x64\release\pointlightmanager.obj
d:\vs2015 project\technologies demo\technologies demo\x64\release\partilceupdate.obj
d:\vs2015 project\technologies demo\technologies demo\x64\release\mtimer.obj
d:\vs2015 project\technologies demo\technologies demo\x64\release\meshobject.obj
d:\vs2015 project\technologies demo\technologies demo\x64\release\mcamera.obj
d:\vs2015 project\technologies demo\technologies demo\x64\release\mapresource.obj
d:\vs2015 project\technologies demo\technologies demo\x64\release\loadstructure.obj
d:\vs2015 project\technologies demo\technologies demo\x64\release\loadmodel.obj
d:\vs2015 project\technologies demo\technologies demo\x64\release\loadanimationmodel.obj
d:\vs2015 project\technologies demo\technologies demo\x64\release\lightmanager.obj
d:\vs2015 project\technologies demo\technologies demo\x64\release\lightinit.obj
d:\vs2015 project\technologies demo\technologies demo\x64\release\lightcompute.obj
d:\vs2015 project\technologies demo\technologies demo\x64\release\gbufferdata.obj
d:\vs2015 project\technologies demo\technologies demo\x64\release\weatherparam.obj
d:\vs2015 project\technologies demo\technologies demo\x64\release\loadtexture.obj
d:\vs2015 project\technologies demo\technologies demo\x64\release\testdraw.obj
d:\vs2015 project\technologies demo\technologies demo\x64\release\spotlightshadowmap.obj
d:\vs2015 project\technologies demo\technologies demo\x64\release\spotlightmanager.obj
d:\vs2015 project\technologies demo\technologies demo\x64\release\shader_vntt.obj
d:\vs2015 project\technologies demo\technologies demo\x64\release\shader_vnt.obj
d:\vs2015 project\technologies demo\technologies demo\x64\release\shader_resource_compiler.obj
d:\vs2015 project\technologies demo\technologies demo\x64\release\shaderupdatesky.obj
d:\vs2015 project\technologies demo\technologies demo\x64\release\shadertestdraw.obj
d:\vs2015 project\technologies demo\technologies demo\x64\release\shaderssr.obj
d:\vs2015 project\technologies demo\technologies demo\x64\release\shaderspotlightshadow.obj
d:\vs2015 project\technologies demo\technologies demo\x64\release\shaderskyplaneupdate.obj
d:\vs2015 project\technologies demo\technologies demo\x64\release\shaderskyplane.obj
d:\vs2015 project\technologies demo\technologies demo\x64\release\shaderskydome.obj
d:\vs2015 project\technologies demo\technologies demo\x64\release\shaderpointlightshadow.obj
d:\vs2015 project\technologies demo\technologies demo\x64\release\shaderparticleupdate.obj
d:\vs2015 project\technologies demo\technologies demo\x64\release\shaderparticledraw.obj
d:\vs2015 project\technologies demo\technologies demo\x64\release\shadermoon.obj
d:\vs2015 project\technologies demo\technologies demo\x64\release\shadergrass.obj
d:\vs2015 project\technologies demo\technologies demo\x64\release\winmain.obj
d:\vs2015 project\technologies demo\technologies demo\x64\release\window.obj
d:\vs2015 project\technologies demo\x64\release\technologies demo.exe
d:\vs2015 project\technologies demo\x64\release\technologies demo.ipdb
d:\vs2015 project\technologies demo\x64\release\technologies demo.iobj
d:\vs2015 project\technologies demo\x64\release\technologies demo.pdb
d:\vs2015 project\technologies demo\technologies demo\x64\release\technologies demo.res
d:\vs2015 project\technologies demo\technologies demo\x64\release\technolo.c58862fe.tlog\cl.command.1.tlog
d:\vs2015 project\technologies demo\technologies demo\x64\release\technolo.c58862fe.tlog\cl.read.1.tlog
d:\vs2015 project\technologies demo\technologies demo\x64\release\technolo.c58862fe.tlog\cl.write.1.tlog
d:\vs2015 project\technologies demo\technologies demo\x64\release\technolo.c58862fe.tlog\link.command.1.tlog
d:\vs2015 project\technologies demo\technologies demo\x64\release\technolo.c58862fe.tlog\link.read.1.tlog
d:\vs2015 project\technologies demo\technologies demo\x64\release\technolo.c58862fe.tlog\link.write.1.tlog
d:\vs2015 project\technologies demo\technologies demo\x64\release\technolo.c58862fe.tlog\rc.command.1.tlog
d:\vs2015 project\technologies demo\technologies demo\x64\release\technolo.c58862fe.tlog\rc.read.1.tlog
d:\vs2015 project\technologies demo\technologies demo\x64\release\technolo.c58862fe.tlog\rc.write.1.tlog
