c:\users\user\documents\visual studio 2015\projects\ngengine_x\directxtex\bin\desktop_2015\win32\debug\directxtex.pch
c:\users\user\documents\visual studio 2015\projects\ngengine_x\directxtex\bin\desktop_2015\win32\debug\directxtex.pdb
c:\users\user\documents\visual studio 2015\projects\ngengine_x\directxtex\bin\desktop_2015\win32\debug\directxtex.idb
c:\users\user\documents\visual studio 2015\projects\ngengine_x\directxtex\bin\desktop_2015\win32\debug\directxtexutil.obj
c:\users\user\documents\visual studio 2015\projects\ngengine_x\directxtex\bin\desktop_2015\win32\debug\directxtexwic.obj
c:\users\user\documents\visual studio 2015\projects\ngengine_x\directxtex\bin\desktop_2015\win32\debug\directxtextga.obj
c:\users\user\documents\visual studio 2015\projects\ngengine_x\directxtex\bin\desktop_2015\win32\debug\directxtexresize.obj
c:\users\user\documents\visual studio 2015\projects\ngengine_x\directxtex\bin\desktop_2015\win32\debug\directxtexpmalpha.obj
c:\users\user\documents\visual studio 2015\projects\ngengine_x\directxtex\bin\desktop_2015\win32\debug\directxtexnormalmaps.obj
c:\users\user\documents\visual studio 2015\projects\ngengine_x\directxtex\bin\desktop_2015\win32\debug\directxtexmisc.obj
c:\users\user\documents\visual studio 2015\projects\ngengine_x\directxtex\bin\desktop_2015\win32\debug\directxtexmipmaps.obj
c:\users\user\documents\visual studio 2015\projects\ngengine_x\directxtex\bin\desktop_2015\win32\debug\directxteximage.obj
c:\users\user\documents\visual studio 2015\projects\ngengine_x\directxtex\bin\desktop_2015\win32\debug\directxtexfliprotate.obj
c:\users\user\documents\visual studio 2015\projects\ngengine_x\directxtex\bin\desktop_2015\win32\debug\directxtexdds.obj
c:\users\user\documents\visual studio 2015\projects\ngengine_x\directxtex\bin\desktop_2015\win32\debug\directxtexd3d11.obj
c:\users\user\documents\visual studio 2015\projects\ngengine_x\directxtex\bin\desktop_2015\win32\debug\directxtexconvert.obj
c:\users\user\documents\visual studio 2015\projects\ngengine_x\directxtex\bin\desktop_2015\win32\debug\directxtexcompressgpu.obj
c:\users\user\documents\visual studio 2015\projects\ngengine_x\directxtex\bin\desktop_2015\win32\debug\directxtexcompress.obj
c:\users\user\documents\visual studio 2015\projects\ngengine_x\directxtex\bin\desktop_2015\win32\debug\bcdirectcompute.obj
c:\users\user\documents\visual studio 2015\projects\ngengine_x\directxtex\bin\desktop_2015\win32\debug\bc6hbc7.obj
c:\users\user\documents\visual studio 2015\projects\ngengine_x\directxtex\bin\desktop_2015\win32\debug\bc4bc5.obj
c:\users\user\documents\visual studio 2015\projects\ngengine_x\directxtex\bin\desktop_2015\win32\debug\bc.obj
c:\users\user\documents\visual studio 2015\projects\ngengine_x\openglenginew\openglenginew\bin\x86\debug\directxtex.lib
c:\users\user\documents\visual studio 2015\projects\ngengine_x\directxtex\..\openglenginew\openglenginew\bin\x86\debug\directxtex.lib
c:\users\user\documents\visual studio 2015\projects\ngengine_x\directxtex\bin\desktop_2015\win32\debug\directxtex.tlog\cl.command.1.tlog
c:\users\user\documents\visual studio 2015\projects\ngengine_x\directxtex\bin\desktop_2015\win32\debug\directxtex.tlog\cl.read.1.tlog
c:\users\user\documents\visual studio 2015\projects\ngengine_x\directxtex\bin\desktop_2015\win32\debug\directxtex.tlog\cl.write.1.tlog
c:\users\user\documents\visual studio 2015\projects\ngengine_x\directxtex\bin\desktop_2015\win32\debug\directxtex.tlog\lib-link.read.1.tlog
c:\users\user\documents\visual studio 2015\projects\ngengine_x\directxtex\bin\desktop_2015\win32\debug\directxtex.tlog\lib-link.write.1.tlog
c:\users\user\documents\visual studio 2015\projects\ngengine_x\directxtex\bin\desktop_2015\win32\debug\directxtex.tlog\lib.command.1.tlog
