c:\users\user\documents\visual studio 2015\projects\technologies demo\directxtex\release\directxtex.pch
c:\users\user\documents\visual studio 2015\projects\technologies demo\directxtex\release\directxtex.pdb
c:\users\user\documents\visual studio 2015\projects\technologies demo\directxtex\release\directxtexutil.obj
c:\users\user\documents\visual studio 2015\projects\technologies demo\directxtex\release\directxtexwic.obj
c:\users\user\documents\visual studio 2015\projects\technologies demo\directxtex\release\directxtextga.obj
c:\users\user\documents\visual studio 2015\projects\technologies demo\directxtex\release\directxtexresize.obj
c:\users\user\documents\visual studio 2015\projects\technologies demo\directxtex\release\directxtexpmalpha.obj
c:\users\user\documents\visual studio 2015\projects\technologies demo\directxtex\release\directxtexnormalmaps.obj
c:\users\user\documents\visual studio 2015\projects\technologies demo\directxtex\release\directxtexmisc.obj
c:\users\user\documents\visual studio 2015\projects\technologies demo\directxtex\release\directxtexmipmaps.obj
c:\users\user\documents\visual studio 2015\projects\technologies demo\directxtex\release\directxteximage.obj
c:\users\user\documents\visual studio 2015\projects\technologies demo\directxtex\release\directxtexfliprotate.obj
c:\users\user\documents\visual studio 2015\projects\technologies demo\directxtex\release\directxtexdds.obj
c:\users\user\documents\visual studio 2015\projects\technologies demo\directxtex\release\directxtexd3d11.obj
c:\users\user\documents\visual studio 2015\projects\technologies demo\directxtex\release\directxtexconvert.obj
c:\users\user\documents\visual studio 2015\projects\technologies demo\directxtex\release\directxtexcompressgpu.obj
c:\users\user\documents\visual studio 2015\projects\technologies demo\directxtex\release\directxtexcompress.obj
c:\users\user\documents\visual studio 2015\projects\technologies demo\directxtex\release\bcdirectcompute.obj
c:\users\user\documents\visual studio 2015\projects\technologies demo\directxtex\release\bc6hbc7.obj
c:\users\user\documents\visual studio 2015\projects\technologies demo\directxtex\release\bc4bc5.obj
c:\users\user\documents\visual studio 2015\projects\technologies demo\directxtex\release\bc.obj
c:\users\user\documents\visual studio 2015\projects\technologies demo\directxtex\release\directxtex.lib
c:\users\user\documents\visual studio 2015\projects\technologies demo\directxtex\.\release\directxtex.lib
c:\users\user\documents\visual studio 2015\projects\technologies demo\directxtex\release\directxtex.tlog\cl.command.1.tlog
c:\users\user\documents\visual studio 2015\projects\technologies demo\directxtex\release\directxtex.tlog\cl.read.1.tlog
c:\users\user\documents\visual studio 2015\projects\technologies demo\directxtex\release\directxtex.tlog\cl.write.1.tlog
c:\users\user\documents\visual studio 2015\projects\technologies demo\directxtex\release\directxtex.tlog\lib-link.read.1.tlog
c:\users\user\documents\visual studio 2015\projects\technologies demo\directxtex\release\directxtex.tlog\lib-link.write.1.tlog
c:\users\user\documents\visual studio 2015\projects\technologies demo\directxtex\release\directxtex.tlog\lib.command.1.tlog
